/*C12*/SET SCHEMA PUBLIC
DISCONNECT
/*C13*/SET SCHEMA PUBLIC
DISCONNECT
/*C14*/SET SCHEMA PUBLIC
DISCONNECT
/*C15*/SET SCHEMA PUBLIC
DISCONNECT
/*C16*/SET SCHEMA PUBLIC
DISCONNECT
/*C17*/SET SCHEMA PUBLIC
INSERT INTO CLIENTE VALUES('44898299B ','Daniel Gonz\u00e1lez     ','Tres Forques, 16              ','Valencia            ','46018','2015-12-18 00:00:00.000000','444899988388    ',12,2015,345,'Visa      ')
COMMIT
DISCONNECT
/*C18*/SET SCHEMA PUBLIC
INSERT INTO RESERVA VALUES(8,'2015-12-26 00:00:00.000000','2015-12-27 00:00:00.000000','modalidad           ','economy             ','44898299E ',1,2)
COMMIT
DISCONNECT
/*C19*/SET SCHEMA PUBLIC
DISCONNECT
/*C20*/SET SCHEMA PUBLIC
DISCONNECT
/*C21*/SET SCHEMA PUBLIC
DISCONNECT
/*C22*/SET SCHEMA PUBLIC
DISCONNECT
/*C23*/SET SCHEMA PUBLIC
DISCONNECT
/*C24*/SET SCHEMA PUBLIC
DISCONNECT
/*C25*/SET SCHEMA PUBLIC
DISCONNECT
/*C26*/SET SCHEMA PUBLIC
DISCONNECT
/*C27*/SET SCHEMA PUBLIC
INSERT INTO ENTREGA VALUES(8,'2015-12-21 00:00:00.000000','Terceros                                          ',400.0E0,400.0E0,'ABC2244   ','12345678A ')
COMMIT
DISCONNECT
